E5PUXysu+mSmVLVqZiti13Ho00Ti+GJIfNiqnyd8KDTi695p8zoCfd26qohaVElYhL3sclDta739xwDRYr1WJJnXUdzVtxpeN01HUvjAfSB2fy5qVBV0pwc=
r+Z5vMV2fxCF4edOAB8r5N/4242Yog+Y1FQMv6lj2N23iAxpRuYQl1yK2XQIqlWRztwLmm7/Kgzo1eHbDpsnbacc
3sPDkp3HI9/3VO+OautCRA+ewy7QctQXm2e4PG6j4S089FFSWkiV6tFhsyP8LnGgWH4dVIkYQk4+KwIoyPHJzx6PL2mnGA==
2IuOVABEz4GFhdvr7H8IWk09y4BfsXEuGi5DFjGezuFAVXmBjHjJ3trEDXVuyTHPnMIpDOgyxRhJVJoCDgdaxKgd0eMugzdlpxQ=
h6R3LE1jHeOrKzklmqN0Vg6ewy7QctQXm2e4PG6j4S089FFSWkiV6tFhsyP8LnGgWH4dWokYQk4+KwIoyPHJzx6PL2mnGA==
w11rY8HarhoVlVFNBxrA+U09y4BfsXEuGi5DFjGfzuFAVXmBjHjJ3trEDXVuyTHPnMIpDOgyxRZJVJoCDgdaxKgd0eMugzdlpxQ=
CuhaXfSik94wC0OCPuE/ZQ2ewy7QctQXm2e4PG6j4S089FFSWkiV6tFhsyP8LnGgWH4dU4gYQk4+KwIoyPHJzx6PL2mnGA==
K1NsUsgXlwAr57IQGB9fNE09y4BfsXEuGi5DFjGczuFAVXmBjHjJ3trEDXVuyTHPnMIpDOgyxR9IVJoCDgdaxKgd0eMugzdlpxQ=
0kX11D4WLY4Uigpf9h7TTgyewy7QctQXm2e4PG6j4S089FFSWkiV6tFhsyP8LnGgWH4dUYgYQk4+KwIoyPHJzx6PL2mnGA==
zpy53dZkBvXkrm2DRxVy6U09y4BfsXEuGi5DFjGdzuFAVXmBjHjJ3trEDXVuyTHPnMIpDOgyxR1IVJoCDgdaxKgd0eMugzdlpxQ=
EFaY1bA9sWRW3wBy1oUAUikfg7V99BhiED4MWyvL4NAOT3mBjHjJ3trEDWZhzSvPnMIpDOgyxRtIVJoCDgdaxKgd0eMugzdlpxQ=
apdi9QAlUOYEarxqqhS//m3JlUViWNG4ijUMB8odVLff4q52x3S4GgBtqelsUPnG2tw9XY6h4ffcOnmkSFo1g8jM6uqur4q8aCWBC06rB32nDA==
A92sdGSyodPNgfYv5EgAbSkFhbdm5hhiED4MWyvL4NAOT3mBjHjJ3trEDWZhzSvPnMIpDOgyxRtPVJoCDgdaxKgd0eMugzdlpxQ=
M5VR+0uX/ZgEIW2rf+KGMgiDopQaanuHmHFSp8hJf0BQFm3FxvSwP12/1IqFGBqe+RvGa605DEitkhCgab0vrs7MxkWmkpg3tR02sTtjpw4=
EmsTylhvbJfSNbIRmBFAJigFhbdm5hhiED4MWyvL4NAOT3mBjHjJ3trEDWZhzSvPnMIpDOgyxRZPVJoCDgdaxKgd0eMugzdlpxQ=
RqDbzPbjoQL078w636XfRAiDopQaanuHmHFSp8hJf0FQFm3FxvSwP12/1IqFGBqe+RvGa605DEitkhCgabAvrs7MxkWmkpg3tR02sTtjpw4=
KbTIFTuWMKiL4amVuCzNVysFhbdm5hhiED4MWyvL4NAOT3mBjHjJ3trEDWZhzSvPnMIpDOgyxR5OVJoCDgdaxKgd0eMugzdlpxQ=
z0EyjOrvca7iZSnRHtw37AiDopQaanuHmHFSp8hJf0JQFm3FxvSwP12/1IqFGBqe+RvGa605DEitkhCgabgurs7MxkWmkpg3tR02sTtjpw4=
bhzZQC+nQQVmy0agmyiR9l9Cv01iAHuF0ia31j4ss6NK3zlRnU+u0oM7Ck5qha//16KvhFdbKz8rgDcVXqiEHzPf04eluJSMkX+Qfx92QzV0loJEPIYBGLhmTboKcJVWXpPygIgZ+be+F39BpzA=
5oJzBkOs924G3Zpu9vZ8q72z5pxai8NtFnQv2kR/hEMCGeQ8mKJ6iXFEAb60m9ZPXCMgNBsWJ/WH1cMmk3c+Fljl8W+F7ud2WEZZOdQ9X6i/70zA9hYMaO0ykAApniqOiWxG5eaymBf1vbYRe0OnLg==
Bl/eQELSPKkTdVaS6aZiWr2z5pxai8FtFnQv2kR/hEMCGeQ8mKJ7iXFEAb60m9ZPXCAgNBsWJ/WH1cMmk3c+Fljn8W+F7ud2WEZZOdQ9X6i/70zA9hYMaO0ykAApmimOiWxG5eaymBf1vbYRe0OnLg==
YnBsvQdtZMQDqDTRPQOs19J4EyYSiiqIaWNhRrfrZyCI6jCuwHg7HVbV6M3Ilkdgdz9DC/t0/1Ee7Ezq+W25+BdcfDgBCxj7n/LLQeQiaqCc4mmsaJKF90k0XaKOp5rkqP0Rg65jd0WnNA==
RASsDpQI5Xo26itH/uUqadJ4EyYSiiqIaWNhRrfrZyCI6jCuwXg7HVbV6MzIlkdgdz9DC/t0/1Ee7Ezq+W25+BdcfDgBCxj7n/LLQeQiaqCc4mmsaJKF+0g0XaKOp5rkqP0Rg65jd0WnNA==
YuuWzR9z+pR03WVdoQXrUNJ4EyYSiiqIaWNhRrfrZyCI6jCuwng7HVbV6M3Ilkdgdz9DC/t0/1Ee7Ezp+W25+BdcfDgBCxj7n/LLQeQiaqCc4mmsaJKF/E80XaKOp5rkqP0Rg65jd0WnNA==
+cAz44aXBSWlA+saO3t3NtJ4EyYSiiqIaWNhRrfrZyCI6jCuw3g7HVbV6MzIlkdgdz9DC/t0/1Ee7Ezp+W25+BdcfDgBCxj7n/LLQeQiaqCc4mmsaJKF9k80XaKOp5rkqP0Rg65jd0WnNA==
